<?xml version="1.0" encoding="UTF-8"?>
<testng-results skipped="0" failed="0" total="2" passed="2">
  <reporter-output>
  </reporter-output>
  <suite name="Default suite" duration-ms="22143" started-at="2021-10-28T18:56:04Z" finished-at="2021-10-28T18:56:26Z">
    <groups>
    </groups>
    <test name="Default test" duration-ms="22143" started-at="2021-10-28T18:56:04Z" finished-at="2021-10-28T18:56:26Z">
      <class name="com.api.tests.sampleApiTest">
        <test-method status="PASS" signature="createEmployee(java.lang.String, java.lang.String, java.lang.String)[pri:0, instance:com.api.tests.sampleApiTest@275710fc]" name="createEmployee" duration-ms="12983" started-at="2021-10-28T14:56:05Z" data-provider="createEmpDataProvider" finished-at="2021-10-28T14:56:18Z">
          <params>
            <param index="0">
              <value>
                <![CDATA[renu]]>
              </value>
            </param>
            <param index="1">
              <value>
                <![CDATA[330000]]>
              </value>
            </param>
            <param index="2">
              <value>
                <![CDATA[19]]>
              </value>
            </param>
          </params>
          <reporter-output>
          </reporter-output>
        </test-method> <!-- createEmployee -->
        <test-method status="PASS" signature="createEmployee(java.lang.String, java.lang.String, java.lang.String)[pri:0, instance:com.api.tests.sampleApiTest@275710fc]" name="createEmployee" duration-ms="8005" started-at="2021-10-28T14:56:18Z" data-provider="createEmpDataProvider" finished-at="2021-10-28T14:56:26Z">
          <params>
            <param index="0">
              <value>
                <![CDATA[wenu]]>
              </value>
            </param>
            <param index="1">
              <value>
                <![CDATA[990000]]>
              </value>
            </param>
            <param index="2">
              <value>
                <![CDATA[20]]>
              </value>
            </param>
          </params>
          <reporter-output>
          </reporter-output>
        </test-method> <!-- createEmployee -->
      </class> <!-- com.api.tests.sampleApiTest -->
    </test> <!-- Default test -->
  </suite> <!-- Default suite -->
</testng-results>
